<?xml version="1.0" encoding="UTF-8"?>
<testsuite xmlns:xsi="http://www.w3.org/2001/XMLSchema-instance" xsi:noNamespaceSchemaLocation="https://maven.apache.org/surefire/maven-surefire-plugin/xsd/surefire-test-report-3.0.xsd" version="3.0" name="com.midnight.config.server.MidnightConfigServerApplicationTests" time="4.138" tests="1" errors="0" skipped="0" failures="0">
  <properties>
[...]
</properties>
  <testcase name="contextLoads" classname="com.midnight.config.server.MidnightConfigServerApplicationTests" time="1.06">
    <system-out><![CDATA[21:05:51.047 [main] INFO org.springframework.test.context.support.AnnotationConfigContextLoaderUtils -- Could not detect default configuration classes for test class [com.midnight.config.server.MidnightConfigServerApplicationTests]: MidnightConfigServerApplicationTests does not declare any static, non-private, non-final, nested classes annotated with @Configuration.
21:05:51.187 [main] INFO org.springframework.boot.test.context.SpringBootTestContextBootstrapper -- Found @SpringBootConfiguration com.midnight.config.server.MidnightConfigServerApplication for test class com.midnight.config.server.MidnightConfigServerApplicationTests

  .   ____          _            __ _ _
 /\\ / ___'_ __ _ _(_)_ __  __ _ \ \ \ \
( ( )\___ | '_ | '_| | '_ \/ _` | \ \ \ \
 \\/  ___)| |_)| | | | | || (_| |  ) ) ) )
  '  |____| .__|_| |_|_| |_\__, | / / / /
 =========|_|==============|___/=/_/_/_/
 :: Spring Boot ::                (v3.2.4)

2024-05-06T21:05:51.731+08:00  INFO 27816 --- [midnight-config-server] [           main] c.s.MidnightConfigServerApplicationTests : Starting MidnightConfigServerApplicationTests using Java 17.0.10 with PID 27816 (started by LL2104 in D:\course\midnight-config\midnight-config-server)
2024-05-06T21:05:51.733+08:00  INFO 27816 --- [midnight-config-server] [           main] c.s.MidnightConfigServerApplicationTests : No active profile set, falling back to 1 default profile: "default"
2024-05-06T21:05:52.837+08:00  INFO 27816 --- [midnight-config-server] [           main] com.zaxxer.hikari.HikariDataSource       : HikariPool-1 - Starting...
2024-05-06T21:05:53.141+08:00  INFO 27816 --- [midnight-config-server] [           main] com.zaxxer.hikari.pool.HikariPool        : HikariPool-1 - Added connection conn0: url=jdbc:h2:file:./h2db user=ROOT
2024-05-06T21:05:53.142+08:00  INFO 27816 --- [midnight-config-server] [           main] com.zaxxer.hikari.HikariDataSource       : HikariPool-1 - Start completed.
Logging initialized using 'class org.apache.ibatis.logging.stdout.StdOutImpl' adapter.
2024-05-06T21:05:53.844+08:00  INFO 27816 --- [midnight-config-server] [           main] o.s.b.a.h2.H2ConsoleAutoConfiguration    : H2 console available at '/h2'. Database available at 'jdbc:h2:file:./h2db'
2024-05-06T21:05:53.919+08:00  INFO 27816 --- [midnight-config-server] [           main] c.s.MidnightConfigServerApplicationTests : Started MidnightConfigServerApplicationTests in 2.508 seconds (process running for 3.652)
]]></system-out>
  </testcase>
</testsuite>